Determining if the pthread_create exist failed with the following output:
Change Dir: /home/aaron/CLionProjects/interfaz/cmake-build-debug/CMakeFiles/CMakeTmp

Run Build Command:"/usr/bin/make" "cmTC_5fdd1/fast"
/usr/bin/make -f CMakeFiles/cmTC_5fdd1.dir/build.make CMakeFiles/cmTC_5fdd1.dir/build
make[1]: Entering directory '/home/aaron/CLionProjects/interfaz/cmake-build-debug/CMakeFiles/CMakeTmp'
Building C object CMakeFiles/cmTC_5fdd1.dir/CheckSymbolExists.c.o
/usr/bin/cc    -o CMakeFiles/cmTC_5fdd1.dir/CheckSymbolExists.c.o   -c /home/aaron/CLionProjects/interfaz/cmake-build-debug/CMakeFiles/CMakeTmp/CheckSymbolExists.c
Linking C executable cmTC_5fdd1
/snap/clion/67/bin/cmake/linux/bin/cmake -E cmake_link_script CMakeFiles/cmTC_5fdd1.dir/link.txt --verbose=1
/usr/bin/cc      -rdynamic CMakeFiles/cmTC_5fdd1.dir/CheckSymbolExists.c.o  -o cmTC_5fdd1 
CMakeFiles/cmTC_5fdd1.dir/CheckSymbolExists.c.o: In function `main':
CheckSymbolExists.c:(.text+0x1b): undefined reference to `pthread_create'
collect2: error: ld returned 1 exit status
CMakeFiles/cmTC_5fdd1.dir/build.make:86: recipe for target 'cmTC_5fdd1' failed
make[1]: *** [cmTC_5fdd1] Error 1
make[1]: Leaving directory '/home/aaron/CLionProjects/interfaz/cmake-build-debug/CMakeFiles/CMakeTmp'
Makefile:121: recipe for target 'cmTC_5fdd1/fast' failed
make: *** [cmTC_5fdd1/fast] Error 2

File /home/aaron/CLionProjects/interfaz/cmake-build-debug/CMakeFiles/CMakeTmp/CheckSymbolExists.c:
/* */
#include <pthread.h>

int main(int argc, char** argv)
{
  (void)argv;
#ifndef pthread_create
  return ((int*)(&pthread_create))[argc];
#else
  (void)argc;
  return 0;
#endif
}

Determining if the function pthread_create exists in the pthreads failed with the following output:
Change Dir: /home/aaron/CLionProjects/interfaz/cmake-build-debug/CMakeFiles/CMakeTmp

Run Build Command:"/usr/bin/make" "cmTC_ae562/fast"
/usr/bin/make -f CMakeFiles/cmTC_ae562.dir/build.make CMakeFiles/cmTC_ae562.dir/build
make[1]: Entering directory '/home/aaron/CLionProjects/interfaz/cmake-build-debug/CMakeFiles/CMakeTmp'
Building C object CMakeFiles/cmTC_ae562.dir/CheckFunctionExists.c.o
/usr/bin/cc   -DCHECK_FUNCTION_EXISTS=pthread_create   -o CMakeFiles/cmTC_ae562.dir/CheckFunctionExists.c.o   -c /snap/clion/67/bin/cmake/linux/share/cmake-3.13/Modules/CheckFunctionExists.c
Linking C executable cmTC_ae562
/snap/clion/67/bin/cmake/linux/bin/cmake -E cmake_link_script CMakeFiles/cmTC_ae562.dir/link.txt --verbose=1
/usr/bin/cc  -DCHECK_FUNCTION_EXISTS=pthread_create    -rdynamic CMakeFiles/cmTC_ae562.dir/CheckFunctionExists.c.o  -o cmTC_ae562 -lpthreads 
/usr/bin/ld: cannot find -lpthreads
collect2: error: ld returned 1 exit status
CMakeFiles/cmTC_ae562.dir/build.make:86: recipe for target 'cmTC_ae562' failed
make[1]: *** [cmTC_ae562] Error 1
make[1]: Leaving directory '/home/aaron/CLionProjects/interfaz/cmake-build-debug/CMakeFiles/CMakeTmp'
Makefile:121: recipe for target 'cmTC_ae562/fast' failed
make: *** [cmTC_ae562/fast] Error 2


