Determining if the pthread_create exist failed with the following output:
Change Dir: /home/manuel/CLionProjects/CE2103-Proyecto1-Scrabble/servidor/cmake-build-debug/CMakeFiles/CMakeTmp

Run Build Command:"/usr/bin/make" "cmTC_0f349/fast"
make[1]: se entra en el directorio '/home/manuel/CLionProjects/CE2103-Proyecto1-Scrabble/servidor/cmake-build-debug/CMakeFiles/CMakeTmp'
/usr/bin/make -f CMakeFiles/cmTC_0f349.dir/build.make CMakeFiles/cmTC_0f349.dir/build
make[2]: se entra en el directorio '/home/manuel/CLionProjects/CE2103-Proyecto1-Scrabble/servidor/cmake-build-debug/CMakeFiles/CMakeTmp'
Building C object CMakeFiles/cmTC_0f349.dir/CheckSymbolExists.c.o
/usr/bin/cc    -o CMakeFiles/cmTC_0f349.dir/CheckSymbolExists.c.o   -c /home/manuel/CLionProjects/CE2103-Proyecto1-Scrabble/servidor/cmake-build-debug/CMakeFiles/CMakeTmp/CheckSymbolExists.c
Linking C executable cmTC_0f349
/opt/clion-2018.3.4/bin/cmake/linux/bin/cmake -E cmake_link_script CMakeFiles/cmTC_0f349.dir/link.txt --verbose=1
/usr/bin/cc      CMakeFiles/cmTC_0f349.dir/CheckSymbolExists.c.o  -o cmTC_0f349 
CMakeFiles/cmTC_0f349.dir/CheckSymbolExists.c.o: En la función `main':
CheckSymbolExists.c:(.text+0x1b): referencia a `pthread_create' sin definir
collect2: error: ld returned 1 exit status
CMakeFiles/cmTC_0f349.dir/build.make:86: recipe for target 'cmTC_0f349' failed
make[2]: *** [cmTC_0f349] Error 1
make[2]: se sale del directorio '/home/manuel/CLionProjects/CE2103-Proyecto1-Scrabble/servidor/cmake-build-debug/CMakeFiles/CMakeTmp'
Makefile:121: recipe for target 'cmTC_0f349/fast' failed
make[1]: *** [cmTC_0f349/fast] Error 2
make[1]: se sale del directorio '/home/manuel/CLionProjects/CE2103-Proyecto1-Scrabble/servidor/cmake-build-debug/CMakeFiles/CMakeTmp'

File /home/manuel/CLionProjects/CE2103-Proyecto1-Scrabble/servidor/cmake-build-debug/CMakeFiles/CMakeTmp/CheckSymbolExists.c:
/* */
#include <pthread.h>

int main(int argc, char** argv)
{
  (void)argv;
#ifndef pthread_create
  return ((int*)(&pthread_create))[argc];
#else
  (void)argc;
  return 0;
#endif
}

Determining if the function pthread_create exists in the pthreads failed with the following output:
Change Dir: /home/manuel/CLionProjects/CE2103-Proyecto1-Scrabble/servidor/cmake-build-debug/CMakeFiles/CMakeTmp

Run Build Command:"/usr/bin/make" "cmTC_6f289/fast"
make[1]: se entra en el directorio '/home/manuel/CLionProjects/CE2103-Proyecto1-Scrabble/servidor/cmake-build-debug/CMakeFiles/CMakeTmp'
/usr/bin/make -f CMakeFiles/cmTC_6f289.dir/build.make CMakeFiles/cmTC_6f289.dir/build
make[2]: se entra en el directorio '/home/manuel/CLionProjects/CE2103-Proyecto1-Scrabble/servidor/cmake-build-debug/CMakeFiles/CMakeTmp'
Building C object CMakeFiles/cmTC_6f289.dir/CheckFunctionExists.c.o
/usr/bin/cc   -DCHECK_FUNCTION_EXISTS=pthread_create   -o CMakeFiles/cmTC_6f289.dir/CheckFunctionExists.c.o   -c /opt/clion-2018.3.4/bin/cmake/linux/share/cmake-3.13/Modules/CheckFunctionExists.c
Linking C executable cmTC_6f289
/opt/clion-2018.3.4/bin/cmake/linux/bin/cmake -E cmake_link_script CMakeFiles/cmTC_6f289.dir/link.txt --verbose=1
/usr/bin/cc  -DCHECK_FUNCTION_EXISTS=pthread_create    CMakeFiles/cmTC_6f289.dir/CheckFunctionExists.c.o  -o cmTC_6f289 -lpthreads 
/usr/bin/ld: no se puede encontrar -lpthreads
collect2: error: ld returned 1 exit status
CMakeFiles/cmTC_6f289.dir/build.make:86: recipe for target 'cmTC_6f289' failed
make[2]: *** [cmTC_6f289] Error 1
make[2]: se sale del directorio '/home/manuel/CLionProjects/CE2103-Proyecto1-Scrabble/servidor/cmake-build-debug/CMakeFiles/CMakeTmp'
Makefile:121: recipe for target 'cmTC_6f289/fast' failed
make[1]: *** [cmTC_6f289/fast] Error 2
make[1]: se sale del directorio '/home/manuel/CLionProjects/CE2103-Proyecto1-Scrabble/servidor/cmake-build-debug/CMakeFiles/CMakeTmp'


